#
# There is insufficient memory for the Java Runtime Environment to continue.
# Native memory allocation (malloc) failed to allocate 281856 bytes. Error detail: Chunk::new
# Possible reasons:
#   The system is out of physical RAM or swap space
#   This process is running with CompressedOops enabled, and the Java Heap may be blocking the growth of the native heap
# Possible solutions:
#   Reduce memory load on the system
#   Increase physical memory or swap space
#   Check if swap backing store is full
#   Decrease Java heap size (-Xmx/-Xms)
#   Decrease number of Java threads
#   Decrease Java thread stack sizes (-Xss)
#   Set larger code cache with -XX:ReservedCodeCacheSize=
#   JVM is running with Unscaled Compressed Oops mode in which the Java heap is
#     placed in the first 4GB address space. The Java Heap base address is the
#     maximum limit for the native heap growth. Please use -XX:HeapBaseMinAddress
#     to set the Java Heap base and to place the Java Heap above 4GB virtual address.
# This output file may be truncated or incomplete.
#
#  Out of Memory Error (arena.cpp:191), pid=79464, tid=60628
#
# JRE version: OpenJDK Runtime Environment Corretto-17.0.12.7.1 (17.0.12+7) (build 17.0.12+7-LTS)
# Java VM: OpenJDK 64-Bit Server VM Corretto-17.0.12.7.1 (17.0.12+7-LTS, mixed mode, sharing, tiered, compressed oops, compressed class ptrs, g1 gc, windows-amd64)
# No core dump will be written. Minidumps are not enabled by default on client versions of Windows
#

---------------  S U M M A R Y ------------

Command Line: -ea -Didea.test.cyclic.buffer.size=1048576 -javaagent:C:\Program Files\JetBrains\IntelliJ IDEA Community Edition 2022.2\lib\idea_rt.jar=55917:C:\Program Files\JetBrains\IntelliJ IDEA Community Edition 2022.2\bin -Dfile.encoding=UTF-8 com.intellij.rt.testng.RemoteTestNGStarter -usedefaultlisteners false -socket55916 @w@C:\Users\hoda.hamza\AppData\Local\Temp\idea_working_dirs_testng.tmp -temp C:\Users\hoda.hamza\AppData\Local\Temp\idea_testng.tmp

Host: Intel(R) Core(TM) i7-10750H CPU @ 2.60GHz, 12 cores, 7G,  Windows 11 , 64 bit Build 22000 (10.0.22000.2360)
Time: Sun Sep 29 11:02:18 2024 Egypt Daylight Time elapsed time: 1.400119 seconds (0d 0h 0m 1s)

---------------  T H R E A D  ---------------

Current thread (0x0000022b4d2aa730):  JavaThread "C2 CompilerThread1" daemon [_thread_in_native, id=60628, stack(0x0000002d53a00000,0x0000002d53b00000)]


Current CompileTask:
C2:   1400  799       4       java.io.WinNTFileSystem::normalize (143 bytes)

Stack: [0x0000002d53a00000,0x0000002d53b00000]
Native frames: (J=compiled Java code, j=interpreted, Vv=VM code, C=native code)
V  [jvm.dll+0x67f4f9]
V  [jvm.dll+0x836eaa]
V  [jvm.dll+0x83896e]
V  [jvm.dll+0x838fd3]
V  [jvm.dll+0x247f6f]
V  [jvm.dll+0xac9d4]
V  [jvm.dll+0xad01c]
V  [jvm.dll+0x2af56f]
V  [jvm.dll+0x5864f7]
V  [jvm.dll+0x222e12]
V  [jvm.dll+0x21bd0d]
V  [jvm.dll+0x219831]
V  [jvm.dll+0x1a57bd]
V  [jvm.dll+0x22966d]
V  [jvm.dll+0x22781c]
V  [jvm.dll+0x7ebec7]
V  [jvm.dll+0x7e62ac]
V  [jvm.dll+0x67e3c7]
C  [ucrtbase.dll+0x26c0c]
C  [KERNEL32.DLL+0x153e0]
C  [ntdll.dll+0x485b]


---------------  P R O C E S S  ---------------

Threads class SMR info:
_java_thread_list=0x0000022b4d2819d0, length=14, elements={
0x0000022b691ca3e0, 0x0000022b06ffb790, 0x0000022b06ffd180, 0x0000022b070108c0,
0x0000022b07011280, 0x0000022b070127b0, 0x0000022b070171e0, 0x0000022b07018a40,
0x0000022b0701cee0, 0x0000022b07ad2c20, 0x0000022b07b7c750, 0x0000022b07c38840,
0x0000022b07c38d20, 0x0000022b4d2aa730
}

Java Threads: ( => current thread )
  0x0000022b691ca3e0 JavaThread "main" [_thread_in_vm, id=93336, stack(0x0000002d52600000,0x0000002d52700000)]
  0x0000022b06ffb790 JavaThread "Reference Handler" daemon [_thread_blocked, id=93356, stack(0x0000002d52d00000,0x0000002d52e00000)]
  0x0000022b06ffd180 JavaThread "Finalizer" daemon [_thread_blocked, id=40248, stack(0x0000002d52e00000,0x0000002d52f00000)]
  0x0000022b070108c0 JavaThread "Signal Dispatcher" daemon [_thread_blocked, id=92976, stack(0x0000002d52f00000,0x0000002d53000000)]
  0x0000022b07011280 JavaThread "Attach Listener" daemon [_thread_blocked, id=93352, stack(0x0000002d53000000,0x0000002d53100000)]
  0x0000022b070127b0 JavaThread "Service Thread" daemon [_thread_blocked, id=93364, stack(0x0000002d53100000,0x0000002d53200000)]
  0x0000022b070171e0 JavaThread "Monitor Deflation Thread" daemon [_thread_blocked, id=93368, stack(0x0000002d53200000,0x0000002d53300000)]
  0x0000022b07018a40 JavaThread "C2 CompilerThread0" daemon [_thread_blocked, id=93376, stack(0x0000002d53300000,0x0000002d53400000)]
  0x0000022b0701cee0 JavaThread "C1 CompilerThread0" daemon [_thread_blocked, id=93372, stack(0x0000002d53400000,0x0000002d53500000)]
  0x0000022b07ad2c20 JavaThread "Sweeper thread" daemon [_thread_blocked, id=69116, stack(0x0000002d53500000,0x0000002d53600000)]
  0x0000022b07b7c750 JavaThread "Common-Cleaner" daemon [_thread_blocked, id=93288, stack(0x0000002d53600000,0x0000002d53700000)]
  0x0000022b07c38840 JavaThread "Monitor Ctrl-Break" daemon [_thread_in_native, id=93104, stack(0x0000002d53700000,0x0000002d53800000)]
  0x0000022b07c38d20 JavaThread "Notification Thread" daemon [_thread_blocked, id=38932, stack(0x0000002d53800000,0x0000002d53900000)]
=>0x0000022b4d2aa730 JavaThread "C2 CompilerThread1" daemon [_thread_in_native, id=60628, stack(0x0000002d53a00000,0x0000002d53b00000)]

Other Threads:
  0x0000022b06ff3be0 VMThread "VM Thread" [stack: 0x0000002d52c00000,0x0000002d52d00000] [id=93280]
  0x0000022b07c39200 WatcherThread [stack: 0x0000002d53900000,0x0000002d53a00000] [id=88368]
  0x0000022b69228b80 GCTaskThread "GC Thread#0" [stack: 0x0000002d52700000,0x0000002d52800000] [id=93340]
  0x0000022b692396d0 ConcurrentGCThread "G1 Main Marker" [stack: 0x0000002d52800000,0x0000002d52900000] [id=93248]
  0x0000022b6923ad10 ConcurrentGCThread "G1 Conc#0" [stack: 0x0000002d52900000,0x0000002d52a00000] [id=93344]
  0x0000022b06eaa910 ConcurrentGCThread "G1 Refine#0" [stack: 0x0000002d52a00000,0x0000002d52b00000] [id=93320]
  0x0000022b06eab340 ConcurrentGCThread "G1 Service" [stack: 0x0000002d52b00000,0x0000002d52c00000] [id=93236]

Threads with active compile tasks:
C1 CompilerThread0     1680  978   !   3       jdk.internal.loader.BuiltinClassLoader::findClassOnClassPathOrNull (64 bytes)
C2 CompilerThread1     1680  799       4       java.io.WinNTFileSystem::normalize (143 bytes)

VM state: not at safepoint (normal execution)

VM Mutex/Monitor currently owned by a thread: None

Heap address: 0x0000000082000000, size: 2016 MB, Compressed Oops mode: 32-bit

CDS archive(s) mapped at: [0x0000022b08000000-0x0000022b08bb0000-0x0000022b08bb0000), size 12255232, SharedBaseAddress: 0x0000022b08000000, ArchiveRelocationMode: 1.
Compressed class space mapped at: 0x0000022b09000000-0x0000022b49000000, reserved size: 1073741824
Narrow klass base: 0x0000022b08000000, Narrow klass shift: 0, Narrow klass range: 0x100000000

GC Precious Log:
 CPUs: 12 total, 12 available
 Memory: 8059M
 Large Page Support: Disabled
 NUMA Support: Disabled
 Compressed Oops: Enabled (32-bit)
 Heap Region Size: 1M
 Heap Min Capacity: 8M
 Heap Initial Capacity: 126M
 Heap Max Capacity: 2016M
 Pre-touch: Disabled
 Parallel Workers: 10
 Concurrent Workers: 3
 Concurrent Refinement Workers: 10
 Periodic GC: Disabled

Heap:
 garbage-first heap   total 129024K, used 18432K [0x0000000082000000, 0x0000000100000000)
  region size 1024K, 17 young (17408K), 0 survivors (0K)
 Metaspace       used 5160K, committed 5312K, reserved 1114112K
  class space    used 552K, committed 640K, reserved 1048576K

Heap Regions: E=young(eden), S=young(survivor), O=old, HS=humongous(starts), HC=humongous(continues), CS=collection set, F=free, OA=open archive, CA=closed archive, TAMS=top-at-mark-start (previous, next)
|   0|0x0000000082000000, 0x0000000082100000, 0x0000000082100000|100%|HS|  |TAMS 0x0000000082000000, 0x0000000082000000| Complete 
|   1|0x0000000082100000, 0x0000000082200000, 0x0000000082200000|100%|HS|  |TAMS 0x0000000082100000, 0x0000000082100000| Complete 
|   2|0x0000000082200000, 0x0000000082300000, 0x0000000082300000|100%|HS|  |TAMS 0x0000000082200000, 0x0000000082200000| Complete 
|   3|0x0000000082300000, 0x0000000082300000, 0x0000000082400000|  0%| F|  |TAMS 0x0000000082300000, 0x0000000082300000| Untracked 
|   4|0x0000000082400000, 0x0000000082400000, 0x0000000082500000|  0%| F|  |TAMS 0x0000000082400000, 0x0000000082400000| Untracked 
|   5|0x0000000082500000, 0x0000000082500000, 0x0000000082600000|  0%| F|  |TAMS 0x0000000082500000, 0x0000000082500000| Untracked 
|   6|0x0000000082600000, 0x0000000082600000, 0x0000000082700000|  0%| F|  |TAMS 0x0000000082600000, 0x0000000082600000| Untracked 
|   7|0x0000000082700000, 0x0000000082700000, 0x0000000082800000|  0%| F|  |TAMS 0x0000000082700000, 0x0000000082700000| Untracked 
|   8|0x0000000082800000, 0x0000000082800000, 0x0000000082900000|  0%| F|  |TAMS 0x0000000082800000, 0x0000000082800000| Untracked 
|   9|0x0000000082900000, 0x0000000082900000, 0x0000000082a00000|  0%| F|  |TAMS 0x0000000082900000, 0x0000000082900000| Untracked 
|  10|0x0000000082a00000, 0x0000000082a00000, 0x0000000082b00000|  0%| F|  |TAMS 0x0000000082a00000, 0x0000000082a00000| Untracked 
|  11|0x0000000082b00000, 0x0000000082b00000, 0x0000000082c00000|  0%| F|  |TAMS 0x0000000082b00000, 0x0000000082b00000| Untracked 
|  12|0x0000000082c00000, 0x0000000082c00000, 0x0000000082d00000|  0%| F|  |TAMS 0x0000000082c00000, 0x0000000082c00000| Untracked 
|  13|0x0000000082d00000, 0x0000000082d00000, 0x0000000082e00000|  0%| F|  |TAMS 0x0000000082d00000, 0x0000000082d00000| Untracked 
|  14|0x0000000082e00000, 0x0000000082e00000, 0x0000000082f00000|  0%| F|  |TAMS 0x0000000082e00000, 0x0000000082e00000| Untracked 
|  15|0x0000000082f00000, 0x0000000082f00000, 0x0000000083000000|  0%| F|  |TAMS 0x0000000082f00000, 0x0000000082f00000| Untracked 
|  16|0x0000000083000000, 0x0000000083000000, 0x0000000083100000|  0%| F|  |TAMS 0x0000000083000000, 0x0000000083000000| Untracked 
|  17|0x0000000083100000, 0x0000000083100000, 0x0000000083200000|  0%| F|  |TAMS 0x0000000083100000, 0x0000000083100000| Untracked 
|  18|0x0000000083200000, 0x0000000083200000, 0x0000000083300000|  0%| F|  |TAMS 0x0000000083200000, 0x0000000083200000| Untracked 
|  19|0x0000000083300000, 0x0000000083300000, 0x0000000083400000|  0%| F|  |TAMS 0x0000000083300000, 0x0000000083300000| Untracked 
|  20|0x0000000083400000, 0x0000000083400000, 0x0000000083500000|  0%| F|  |TAMS 0x0000000083400000, 0x0000000083400000| Untracked 
|  21|0x0000000083500000, 0x0000000083500000, 0x0000000083600000|  0%| F|  |TAMS 0x0000000083500000, 0x0000000083500000| Untracked 
|  22|0x0000000083600000, 0x0000000083600000, 0x0000000083700000|  0%| F|  |TAMS 0x0000000083600000, 0x0000000083600000| Untracked 
|  23|0x0000000083700000, 0x0000000083700000, 0x0000000083800000|  0%| F|  |TAMS 0x0000000083700000, 0x0000000083700000| Untracked 
|  24|0x0000000083800000, 0x0000000083800000, 0x0000000083900000|  0%| F|  |TAMS 0x0000000083800000, 0x0000000083800000| Untracked 
|  25|0x0000000083900000, 0x0000000083900000, 0x0000000083a00000|  0%| F|  |TAMS 0x0000000083900000, 0x0000000083900000| Untracked 
|  26|0x0000000083a00000, 0x0000000083a00000, 0x0000000083b00000|  0%| F|  |TAMS 0x0000000083a00000, 0x0000000083a00000| Untracked 
|  27|0x0000000083b00000, 0x0000000083b00000, 0x0000000083c00000|  0%| F|  |TAMS 0x0000000083b00000, 0x0000000083b00000| Untracked 
|  28|0x0000000083c00000, 0x0000000083c00000, 0x0000000083d00000|  0%| F|  |TAMS 0x0000000083c00000, 0x0000000083c00000| Untracked 
|  29|0x0000000083d00000, 0x0000000083d00000, 0x0000000083e00000|  0%| F|  |TAMS 0x0000000083d00000, 0x0000000083d00000| Untracked 
|  30|0x0000000083e00000, 0x0000000083e00000, 0x0000000083f00000|  0%| F|  |TAMS 0x0000000083e00000, 0x0000000083e00000| Untracked 
|  31|0x0000000083f00000, 0x0000000083f00000, 0x0000000084000000|  0%| F|  |TAMS 0x0000000083f00000, 0x0000000083f00000| Untracked 
|  32|0x0000000084000000, 0x0000000084000000, 0x0000000084100000|  0%| F|  |TAMS 0x0000000084000000, 0x0000000084000000| Untracked 
|  33|0x0000000084100000, 0x0000000084100000, 0x0000000084200000|  0%| F|  |TAMS 0x0000000084100000, 0x0000000084100000| Untracked 
|  34|0x0000000084200000, 0x0000000084200000, 0x0000000084300000|  0%| F|  |TAMS 0x0000000084200000, 0x0000000084200000| Untracked 
|  35|0x0000000084300000, 0x0000000084300000, 0x0000000084400000|  0%| F|  |TAMS 0x0000000084300000, 0x0000000084300000| Untracked 
|  36|0x0000000084400000, 0x0000000084400000, 0x0000000084500000|  0%| F|  |TAMS 0x0000000084400000, 0x0000000084400000| Untracked 
|  37|0x0000000084500000, 0x0000000084500000, 0x0000000084600000|  0%| F|  |TAMS 0x0000000084500000, 0x0000000084500000| Untracked 
|  38|0x0000000084600000, 0x0000000084600000, 0x0000000084700000|  0%| F|  |TAMS 0x0000000084600000, 0x0000000084600000| Untracked 
|  39|0x0000000084700000, 0x0000000084700000, 0x0000000084800000|  0%| F|  |TAMS 0x0000000084700000, 0x0000000084700000| Untracked 
|  40|0x0000000084800000, 0x0000000084800000, 0x0000000084900000|  0%| F|  |TAMS 0x0000000084800000, 0x0000000084800000| Untracked 
|  41|0x0000000084900000, 0x0000000084900000, 0x0000000084a00000|  0%| F|  |TAMS 0x0000000084900000, 0x0000000084900000| Untracked 
|  42|0x0000000084a00000, 0x0000000084a00000, 0x0000000084b00000|  0%| F|  |TAMS 0x0000000084a00000, 0x0000000084a00000| Untracked 
|  43|0x0000000084b00000, 0x0000000084b00000, 0x0000000084c00000|  0%| F|  |TAMS 0x0000000084b00000, 0x0000000084b00000| Untracked 
|  44|0x0000000084c00000, 0x0000000084c00000, 0x0000000084d00000|  0%| F|  |TAMS 0x0000000084c00000, 0x0000000084c00000| Untracked 
|  45|0x0000000084d00000, 0x0000000084d00000, 0x0000000084e00000|  0%| F|  |TAMS 0x0000000084d00000, 0x0000000084d00000| Untracked 
|  46|0x0000000084e00000, 0x0000000084e00000, 0x0000000084f00000|  0%| F|  |TAMS 0x0000000084e00000, 0x0000000084e00000| Untracked 
|  47|0x0000000084f00000, 0x0000000084f00000, 0x0000000085000000|  0%| F|  |TAMS 0x0000000084f00000, 0x0000000084f00000| Untracked 
|  48|0x0000000085000000, 0x0000000085000000, 0x0000000085100000|  0%| F|  |TAMS 0x0000000085000000, 0x0000000085000000| Untracked 
|  49|0x0000000085100000, 0x0000000085100000, 0x0000000085200000|  0%| F|  |TAMS 0x0000000085100000, 0x0000000085100000| Untracked 
|  50|0x0000000085200000, 0x0000000085200000, 0x0000000085300000|  0%| F|  |TAMS 0x0000000085200000, 0x0000000085200000| Untracked 
|  51|0x0000000085300000, 0x0000000085300000, 0x0000000085400000|  0%| F|  |TAMS 0x0000000085300000, 0x0000000085300000| Untracked 
|  52|0x0000000085400000, 0x0000000085400000, 0x0000000085500000|  0%| F|  |TAMS 0x0000000085400000, 0x0000000085400000| Untracked 
|  53|0x0000000085500000, 0x0000000085500000, 0x0000000085600000|  0%| F|  |TAMS 0x0000000085500000, 0x0000000085500000| Untracked 
|  54|0x0000000085600000, 0x0000000085600000, 0x0000000085700000|  0%| F|  |TAMS 0x0000000085600000, 0x0000000085600000| Untracked 
|  55|0x0000000085700000, 0x0000000085700000, 0x0000000085800000|  0%| F|  |TAMS 0x0000000085700000, 0x0000000085700000| Untracked 
|  56|0x0000000085800000, 0x0000000085800000, 0x0000000085900000|  0%| F|  |TAMS 0x0000000085800000, 0x0000000085800000| Untracked 
|  57|0x0000000085900000, 0x0000000085900000, 0x0000000085a00000|  0%| F|  |TAMS 0x0000000085900000, 0x0000000085900000| Untracked 
|  58|0x0000000085a00000, 0x0000000085a00000, 0x0000000085b00000|  0%| F|  |TAMS 0x0000000085a00000, 0x0000000085a00000| Untracked 
|  59|0x0000000085b00000, 0x0000000085b00000, 0x0000000085c00000|  0%| F|  |TAMS 0x0000000085b00000, 0x0000000085b00000| Untracked 
|  60|0x0000000085c00000, 0x0000000085c00000, 0x0000000085d00000|  0%| F|  |TAMS 0x0000000085c00000, 0x0000000085c00000| Untracked 
|  61|0x0000000085d00000, 0x0000000085d00000, 0x0000000085e00000|  0%| F|  |TAMS 0x0000000085d00000, 0x0000000085d00000| Untracked 
|  62|0x0000000085e00000, 0x0000000085e00000, 0x0000000085f00000|  0%| F|  |TAMS 0x0000000085e00000, 0x0000000085e00000| Untracked 
|  63|0x0000000085f00000, 0x0000000085f00000, 0x0000000086000000|  0%| F|  |TAMS 0x0000000085f00000, 0x0000000085f00000| Untracked 
|  64|0x0000000086000000, 0x0000000086000000, 0x0000000086100000|  0%| F|  |TAMS 0x0000000086000000, 0x0000000086000000| Untracked 
|  65|0x0000000086100000, 0x0000000086100000, 0x0000000086200000|  0%| F|  |TAMS 0x0000000086100000, 0x0000000086100000| Untracked 
|  66|0x0000000086200000, 0x0000000086200000, 0x0000000086300000|  0%| F|  |TAMS 0x0000000086200000, 0x0000000086200000| Untracked 
|  67|0x0000000086300000, 0x0000000086300000, 0x0000000086400000|  0%| F|  |TAMS 0x0000000086300000, 0x0000000086300000| Untracked 
|  68|0x0000000086400000, 0x0000000086400000, 0x0000000086500000|  0%| F|  |TAMS 0x0000000086400000, 0x0000000086400000| Untracked 
|  69|0x0000000086500000, 0x0000000086500000, 0x0000000086600000|  0%| F|  |TAMS 0x0000000086500000, 0x0000000086500000| Untracked 
|  70|0x0000000086600000, 0x0000000086600000, 0x0000000086700000|  0%| F|  |TAMS 0x0000000086600000, 0x0000000086600000| Untracked 
|  71|0x0000000086700000, 0x0000000086700000, 0x0000000086800000|  0%| F|  |TAMS 0x0000000086700000, 0x0000000086700000| Untracked 
|  72|0x0000000086800000, 0x0000000086800000, 0x0000000086900000|  0%| F|  |TAMS 0x0000000086800000, 0x0000000086800000| Untracked 
|  73|0x0000000086900000, 0x0000000086900000, 0x0000000086a00000|  0%| F|  |TAMS 0x0000000086900000, 0x0000000086900000| Untracked 
|  74|0x0000000086a00000, 0x0000000086a00000, 0x0000000086b00000|  0%| F|  |TAMS 0x0000000086a00000, 0x0000000086a00000| Untracked 
|  75|0x0000000086b00000, 0x0000000086b00000, 0x0000000086c00000|  0%| F|  |TAMS 0x0000000086b00000, 0x0000000086b00000| Untracked 
|  76|0x0000000086c00000, 0x0000000086c00000, 0x0000000086d00000|  0%| F|  |TAMS 0x0000000086c00000, 0x0000000086c00000| Untracked 
|  77|0x0000000086d00000, 0x0000000086d00000, 0x0000000086e00000|  0%| F|  |TAMS 0x0000000086d00000, 0x0000000086d00000| Untracked 
|  78|0x0000000086e00000, 0x0000000086e00000, 0x0000000086f00000|  0%| F|  |TAMS 0x0000000086e00000, 0x0000000086e00000| Untracked 
|  79|0x0000000086f00000, 0x0000000086f00000, 0x0000000087000000|  0%| F|  |TAMS 0x0000000086f00000, 0x0000000086f00000| Untracked 
|  80|0x0000000087000000, 0x0000000087000000, 0x0000000087100000|  0%| F|  |TAMS 0x0000000087000000, 0x0000000087000000| Untracked 
|  81|0x0000000087100000, 0x0000000087100000, 0x0000000087200000|  0%| F|  |TAMS 0x0000000087100000, 0x0000000087100000| Untracked 
|  82|0x0000000087200000, 0x0000000087200000, 0x0000000087300000|  0%| F|  |TAMS 0x0000000087200000, 0x0000000087200000| Untracked 
|  83|0x0000000087300000, 0x0000000087300000, 0x0000000087400000|  0%| F|  |TAMS 0x0000000087300000, 0x0000000087300000| Untracked 
|  84|0x0000000087400000, 0x0000000087400000, 0x0000000087500000|  0%| F|  |TAMS 0x0000000087400000, 0x0000000087400000| Untracked 
|  85|0x0000000087500000, 0x0000000087500000, 0x0000000087600000|  0%| F|  |TAMS 0x0000000087500000, 0x0000000087500000| Untracked 
|  86|0x0000000087600000, 0x0000000087600000, 0x0000000087700000|  0%| F|  |TAMS 0x0000000087600000, 0x0000000087600000| Untracked 
|  87|0x0000000087700000, 0x0000000087700000, 0x0000000087800000|  0%| F|  |TAMS 0x0000000087700000, 0x0000000087700000| Untracked 
|  88|0x0000000087800000, 0x0000000087800000, 0x0000000087900000|  0%| F|  |TAMS 0x0000000087800000, 0x0000000087800000| Untracked 
|  89|0x0000000087900000, 0x0000000087900000, 0x0000000087a00000|  0%| F|  |TAMS 0x0000000087900000, 0x0000000087900000| Untracked 
|  90|0x0000000087a00000, 0x0000000087a00000, 0x0000000087b00000|  0%| F|  |TAMS 0x0000000087a00000, 0x0000000087a00000| Untracked 
|  91|0x0000000087b00000, 0x0000000087b00000, 0x0000000087c00000|  0%| F|  |TAMS 0x0000000087b00000, 0x0000000087b00000| Untracked 
|  92|0x0000000087c00000, 0x0000000087c00000, 0x0000000087d00000|  0%| F|  |TAMS 0x0000000087c00000, 0x0000000087c00000| Untracked 
|  93|0x0000000087d00000, 0x0000000087d00000, 0x0000000087e00000|  0%| F|  |TAMS 0x0000000087d00000, 0x0000000087d00000| Untracked 
|  94|0x0000000087e00000, 0x0000000087e00000, 0x0000000087f00000|  0%| F|  |TAMS 0x0000000087e00000, 0x0000000087e00000| Untracked 
|  95|0x0000000087f00000, 0x0000000087f00000, 0x0000000088000000|  0%| F|  |TAMS 0x0000000087f00000, 0x0000000087f00000| Untracked 
|  96|0x0000000088000000, 0x0000000088000000, 0x0000000088100000|  0%| F|  |TAMS 0x0000000088000000, 0x0000000088000000| Untracked 
|  97|0x0000000088100000, 0x0000000088100000, 0x0000000088200000|  0%| F|  |TAMS 0x0000000088100000, 0x0000000088100000| Untracked 
|  98|0x0000000088200000, 0x0000000088200000, 0x0000000088300000|  0%| F|  |TAMS 0x0000000088200000, 0x0000000088200000| Untracked 
|  99|0x0000000088300000, 0x0000000088300000, 0x0000000088400000|  0%| F|  |TAMS 0x0000000088300000, 0x0000000088300000| Untracked 
| 100|0x0000000088400000, 0x0000000088400000, 0x0000000088500000|  0%| F|  |TAMS 0x0000000088400000, 0x0000000088400000| Untracked 
| 101|0x0000000088500000, 0x0000000088500000, 0x0000000088600000|  0%| F|  |TAMS 0x0000000088500000, 0x0000000088500000| Untracked 
| 102|0x0000000088600000, 0x0000000088600000, 0x0000000088700000|  0%| F|  |TAMS 0x0000000088600000, 0x0000000088600000| Untracked 
| 103|0x0000000088700000, 0x0000000088700000, 0x0000000088800000|  0%| F|  |TAMS 0x0000000088700000, 0x0000000088700000| Untracked 
| 104|0x0000000088800000, 0x0000000088800000, 0x0000000088900000|  0%| F|  |TAMS 0x0000000088800000, 0x0000000088800000| Untracked 
| 105|0x0000000088900000, 0x0000000088900000, 0x0000000088a00000|  0%| F|  |TAMS 0x0000000088900000, 0x0000000088900000| Untracked 
| 106|0x0000000088a00000, 0x0000000088a00000, 0x0000000088b00000|  0%| F|  |TAMS 0x0000000088a00000, 0x0000000088a00000| Untracked 
| 107|0x0000000088b00000, 0x0000000088b00000, 0x0000000088c00000|  0%| F|  |TAMS 0x0000000088b00000, 0x0000000088b00000| Untracked 
| 108|0x0000000088c00000, 0x0000000088c00000, 0x0000000088d00000|  0%| F|  |TAMS 0x0000000088c00000, 0x0000000088c00000| Untracked 
| 109|0x0000000088d00000, 0x0000000088e00000, 0x0000000088e00000|100%| E|  |TAMS 0x0000000088d00000, 0x0000000088d00000| Complete 
| 110|0x0000000088e00000, 0x0000000088f00000, 0x0000000088f00000|100%| E|CS|TAMS 0x0000000088e00000, 0x0000000088e00000| Complete 
| 111|0x0000000088f00000, 0x0000000089000000, 0x0000000089000000|100%| E|CS|TAMS 0x0000000088f00000, 0x0000000088f00000| Complete 
| 112|0x0000000089000000, 0x0000000089100000, 0x0000000089100000|100%| E|CS|TAMS 0x0000000089000000, 0x0000000089000000| Complete 
| 113|0x0000000089100000, 0x0000000089200000, 0x0000000089200000|100%| E|CS|TAMS 0x0000000089100000, 0x0000000089100000| Complete 
| 114|0x0000000089200000, 0x0000000089300000, 0x0000000089300000|100%| E|CS|TAMS 0x0000000089200000, 0x0000000089200000| Complete 
| 115|0x0000000089300000, 0x0000000089400000, 0x0000000089400000|100%| E|CS|TAMS 0x0000000089300000, 0x0000000089300000| Complete 
| 116|0x0000000089400000, 0x0000000089500000, 0x0000000089500000|100%| E|CS|TAMS 0x0000000089400000, 0x0000000089400000| Complete 
| 117|0x0000000089500000, 0x0000000089600000, 0x0000000089600000|100%| E|  |TAMS 0x0000000089500000, 0x0000000089500000| Complete 
| 118|0x0000000089600000, 0x0000000089700000, 0x0000000089700000|100%| E|CS|TAMS 0x0000000089600000, 0x0000000089600000| Complete 
| 119|0x0000000089700000, 0x0000000089800000, 0x0000000089800000|100%| E|CS|TAMS 0x0000000089700000, 0x0000000089700000| Complete 
| 120|0x0000000089800000, 0x0000000089900000, 0x0000000089900000|100%| E|CS|TAMS 0x0000000089800000, 0x0000000089800000| Complete 
| 121|0x0000000089900000, 0x0000000089a00000, 0x0000000089a00000|100%| E|CS|TAMS 0x0000000089900000, 0x0000000089900000| Complete 
| 122|0x0000000089a00000, 0x0000000089b00000, 0x0000000089b00000|100%| E|CS|TAMS 0x0000000089a00000, 0x0000000089a00000| Complete 
| 123|0x0000000089b00000, 0x0000000089c00000, 0x0000000089c00000|100%| E|CS|TAMS 0x0000000089b00000, 0x0000000089b00000| Complete 
| 124|0x0000000089c00000, 0x0000000089d00000, 0x0000000089d00000|100%| E|CS|TAMS 0x0000000089c00000, 0x0000000089c00000| Complete 
| 125|0x0000000089d00000, 0x0000000089e00000, 0x0000000089e00000|100%| E|CS|TAMS 0x0000000089d00000, 0x0000000089d00000| Complete 

Card table byte_map: [0x0000022b00620000,0x0000022b00a10000] _byte_map_base: 0x0000022b00210000

Marking Bits (Prev, Next): (CMBitMap*) 0x0000022b692291a0, (CMBitMap*) 0x0000022b692291e0
 Prev Bits: [0x0000022b00e00000, 0x0000022b02d80000)
 Next Bits: [0x0000022b02d80000, 0x0000022b04d00000)

Polling page: 0x0000022b68940000

Metaspace:

Usage:
  Non-class:      4.60 MB used.
      Class:    564.63 KB used.
       Both:      5.15 MB used.

Virtual space:
  Non-class space:       64.00 MB reserved,       4.69 MB (  7%) committed,  1 nodes.
      Class space:        1.00 GB reserved,     704.00 KB ( <1%) committed,  1 nodes.
             Both:        1.06 GB reserved,       5.38 MB ( <1%) committed. 

Chunk freelists:
   Non-Class:  10.89 MB
       Class:  15.17 MB
        Both:  26.06 MB

MaxMetaspaceSize: unlimited
CompressedClassSpaceSize: 1.00 GB
Initial GC threshold: 21.00 MB
Current GC threshold: 21.00 MB
CDS: on
MetaspaceReclaimPolicy: balanced
 - commit_granule_bytes: 65536.
 - commit_granule_words: 8192.
 - virtual_space_node_default_size: 8388608.
 - enlarge_chunks_in_place: 1.
 - new_chunks_are_fully_committed: 0.
 - uncommit_free_chunks: 1.
 - use_allocation_guard: 0.
 - handle_deallocations: 1.


Internal statistics:

num_allocs_failed_limit: 0.
num_arena_births: 96.
num_arena_deaths: 0.
num_vsnodes_births: 2.
num_vsnodes_deaths: 0.
num_space_committed: 86.
num_space_uncommitted: 0.
num_chunks_returned_to_freelist: 0.
num_chunks_taken_from_freelist: 186.
num_chunk_merges: 0.
num_chunk_splits: 111.
num_chunks_enlarged: 60.
num_inconsistent_stats: 0.

CodeHeap 'non-profiled nmethods': size=120000Kb used=383Kb max_used=383Kb free=119616Kb
 bounds [0x0000022b78780000, 0x0000022b789f0000, 0x0000022b7fcb0000]
CodeHeap 'profiled nmethods': size=120000Kb used=1686Kb max_used=1686Kb free=118313Kb
 bounds [0x0000022b70cb0000, 0x0000022b70f20000, 0x0000022b781e0000]
CodeHeap 'non-nmethods': size=5760Kb used=1159Kb max_used=1178Kb free=4600Kb
 bounds [0x0000022b781e0000, 0x0000022b78450000, 0x0000022b78780000]
 total_blobs=1463 nmethods=1012 adapters=364
 compilation: enabled
              stopped_count=0, restarted_count=0
 full_count=0

Compilation events (20 events):
Event: 1.381 Thread 0x0000022b0701cee0 nmethod 789 0x0000022b70de9b90 code [0x0000022b70de9d60, 0x0000022b70dea228]
Event: 1.381 Thread 0x0000022b0701cee0  790       3       jdk.internal.jimage.ImageStringsReader::hashCode (33 bytes)
Event: 1.381 Thread 0x0000022b0701cee0 nmethod 790 0x0000022b70dea410 code [0x0000022b70dea5c0, 0x0000022b70dea738]
Event: 1.381 Thread 0x0000022b0701cee0  791   !   3       java.nio.DirectIntBufferU::get (34 bytes)
Event: 1.382 Thread 0x0000022b0701cee0 nmethod 791 0x0000022b70dea810 code [0x0000022b70deaa40, 0x0000022b70deb258]
Event: 1.382 Thread 0x0000022b0701cee0  792       3       java.nio.DirectIntBufferU::ix (10 bytes)
Event: 1.382 Thread 0x0000022b0701cee0 nmethod 792 0x0000022b70deb710 code [0x0000022b70deb8a0, 0x0000022b70deb9b8]
Event: 1.382 Thread 0x0000022b0701cee0  793   !   3       jdk.internal.misc.ScopedMemoryAccess::getInt (20 bytes)
Event: 1.382 Thread 0x0000022b0701cee0 nmethod 793 0x0000022b70deba90 code [0x0000022b70debc60, 0x0000022b70dec0d8]
Event: 1.382 Thread 0x0000022b0701cee0  794   !   3       jdk.internal.misc.ScopedMemoryAccess::getIntInternal (36 bytes)
Event: 1.383 Thread 0x0000022b0701cee0 nmethod 794 0x0000022b70dec310 code [0x0000022b70dec4c0, 0x0000022b70dec728]
Event: 1.386 Thread 0x0000022b0701cee0  795   !   3       jdk.internal.ref.PhantomCleanable::remove (60 bytes)
Event: 1.386 Thread 0x0000022b0701cee0 nmethod 795 0x0000022b70dec890 code [0x0000022b70deca40, 0x0000022b70dece58]
Event: 1.386 Thread 0x0000022b0701cee0  796       3       java.lang.ref.Reference::clear (5 bytes)
Event: 1.386 Thread 0x0000022b0701cee0 nmethod 796 0x0000022b70ded010 code [0x0000022b70ded1a0, 0x0000022b70ded2e8]
Event: 1.386 Thread 0x0000022b0701cee0  798       3       java.nio.Buffer::position (52 bytes)
Event: 1.387 Thread 0x0000022b0701cee0 nmethod 798 0x0000022b70ded390 code [0x0000022b70ded540, 0x0000022b70ded7c8]
Event: 1.387 Thread 0x0000022b4d2aa730  799       4       java.io.WinNTFileSystem::normalize (143 bytes)
Event: 1.388 Thread 0x0000022b0701cee0  800       3       java.net.URI::match (56 bytes)
Event: 1.389 Thread 0x0000022b0701cee0 nmethod 800 0x0000022b70ded890 code [0x0000022b70deda40, 0x0000022b70dedd38]

GC Heap History (0 events):
No events

Dll operation events (11 events):
Event: 0.057 Loaded shared library C:\Users\hoda.hamza\.jdks\corretto-17.0.12\bin\java.dll
Event: 0.102 Loaded shared library C:\Users\hoda.hamza\.jdks\corretto-17.0.12\bin\jsvml.dll
Event: 0.449 Loaded shared library C:\Users\hoda.hamza\.jdks\corretto-17.0.12\bin\zip.dll
Event: 0.498 Loaded shared library C:\Users\hoda.hamza\.jdks\corretto-17.0.12\bin\instrument.dll
Event: 0.564 Loaded shared library C:\Users\hoda.hamza\.jdks\corretto-17.0.12\bin\net.dll
Event: 0.590 Loaded shared library C:\Users\hoda.hamza\.jdks\corretto-17.0.12\bin\nio.dll
Event: 0.606 Loaded shared library C:\Users\hoda.hamza\.jdks\corretto-17.0.12\bin\zip.dll
Event: 0.630 Loaded shared library C:\Program Files\JetBrains\IntelliJ IDEA Community Edition 2022.2\bin\breakgen64.dll
Event: 0.662 Loaded shared library C:\Users\hoda.hamza\.jdks\corretto-17.0.12\bin\extnet.dll
Event: 0.920 Loaded shared library C:\Users\hoda.hamza\.jdks\corretto-17.0.12\bin\verify.dll
Event: 0.934 Loaded shared library C:\Users\hoda.hamza\.jdks\corretto-17.0.12\bin\jimage.dll

Deoptimization events (20 events):
Event: 1.232 Thread 0x0000022b691ca3e0 DEOPT PACKING pc=0x0000022b787ad9f0 sp=0x0000002d526feca0
Event: 1.232 Thread 0x0000022b691ca3e0 DEOPT UNPACKING pc=0x0000022b782369a3 sp=0x0000002d526febf8 mode 2
Event: 1.232 Thread 0x0000022b691ca3e0 Uncommon trap: trap_request=0xffffffde fr.pc=0x0000022b787ad9f0 relative=0x0000000000001170
Event: 1.232 Thread 0x0000022b691ca3e0 Uncommon trap: reason=class_check action=maybe_recompile pc=0x0000022b787ad9f0 method=java.util.HashMap.putVal(ILjava/lang/Object;Ljava/lang/Object;ZZ)Ljava/lang/Object; @ 253 c2
Event: 1.232 Thread 0x0000022b691ca3e0 DEOPT PACKING pc=0x0000022b787ad9f0 sp=0x0000002d526feca0
Event: 1.232 Thread 0x0000022b691ca3e0 DEOPT UNPACKING pc=0x0000022b782369a3 sp=0x0000002d526febf8 mode 2
Event: 1.232 Thread 0x0000022b691ca3e0 Uncommon trap: trap_request=0xffffffde fr.pc=0x0000022b787ad9f0 relative=0x0000000000001170
Event: 1.232 Thread 0x0000022b691ca3e0 Uncommon trap: reason=class_check action=maybe_recompile pc=0x0000022b787ad9f0 method=java.util.HashMap.putVal(ILjava/lang/Object;Ljava/lang/Object;ZZ)Ljava/lang/Object; @ 253 c2
Event: 1.232 Thread 0x0000022b691ca3e0 DEOPT PACKING pc=0x0000022b787ad9f0 sp=0x0000002d526feca0
Event: 1.232 Thread 0x0000022b691ca3e0 DEOPT UNPACKING pc=0x0000022b782369a3 sp=0x0000002d526febf8 mode 2
Event: 1.232 Thread 0x0000022b691ca3e0 Uncommon trap: trap_request=0xffffffde fr.pc=0x0000022b7878d2cc relative=0x000000000000046c
Event: 1.232 Thread 0x0000022b691ca3e0 Uncommon trap: reason=class_check action=maybe_recompile pc=0x0000022b7878d2cc method=java.util.HashMap.putVal(ILjava/lang/Object;Ljava/lang/Object;ZZ)Ljava/lang/Object; @ 253 c2
Event: 1.232 Thread 0x0000022b691ca3e0 DEOPT PACKING pc=0x0000022b7878d2cc sp=0x0000002d526fec20
Event: 1.232 Thread 0x0000022b691ca3e0 DEOPT UNPACKING pc=0x0000022b782369a3 sp=0x0000002d526fec00 mode 2
Event: 1.244 Thread 0x0000022b691ca3e0 DEOPT PACKING pc=0x0000022b70ce2a3e sp=0x0000002d526fdff0
Event: 1.244 Thread 0x0000022b691ca3e0 DEOPT UNPACKING pc=0x0000022b78237143 sp=0x0000002d526fd468 mode 0
Event: 1.385 Thread 0x0000022b691ca3e0 Uncommon trap: trap_request=0xffffff45 fr.pc=0x0000022b78797ae4 relative=0x0000000000000064
Event: 1.385 Thread 0x0000022b691ca3e0 Uncommon trap: reason=unstable_if action=reinterpret pc=0x0000022b78797ae4 method=java.io.WinNTFileSystem.isSlash(C)Z @ 9 c2
Event: 1.385 Thread 0x0000022b691ca3e0 DEOPT PACKING pc=0x0000022b78797ae4 sp=0x0000002d526fdeb0
Event: 1.385 Thread 0x0000022b691ca3e0 DEOPT UNPACKING pc=0x0000022b782369a3 sp=0x0000002d526fde38 mode 2

Classes loaded (20 events):
Event: 1.392 Loading class org/xml/sax/SAXParseException done
Event: 1.392 Loading class java/net/MalformedURLException
Event: 1.392 Loading class java/net/MalformedURLException done
Event: 1.392 Loading class java/io/UnsupportedEncodingException
Event: 1.392 Loading class java/io/UnsupportedEncodingException done
Event: 1.393 Loading class org/xml/sax/InputSource
Event: 1.393 Loading class org/xml/sax/InputSource done
Event: 1.393 Loading class sun/invoke/util/VerifyAccess$1
Event: 1.393 Loading class sun/invoke/util/VerifyAccess$1 done
Event: 1.394 Loading class org/xml/sax/ext/EntityResolver2
Event: 1.394 Loading class org/xml/sax/ext/EntityResolver2 done
Event: 1.394 Loading class com/sun/org/apache/xerces/internal/util/EntityResolverWrapper
Event: 1.394 Loading class com/sun/org/apache/xerces/internal/util/EntityResolverWrapper done
Event: 1.394 Loading class com/sun/org/apache/xerces/internal/impl/ExternalSubsetResolver
Event: 1.395 Loading class com/sun/org/apache/xerces/internal/impl/ExternalSubsetResolver done
Event: 1.395 Loading class com/sun/org/apache/xerces/internal/util/ErrorHandlerWrapper
Event: 1.395 Loading class com/sun/org/apache/xerces/internal/xni/parser/XMLErrorHandler
Event: 1.395 Loading class com/sun/org/apache/xerces/internal/xni/parser/XMLErrorHandler done
Event: 1.395 Loading class com/sun/org/apache/xerces/internal/util/ErrorHandlerWrapper done
Event: 1.395 Loading class com/sun/org/apache/xerces/internal/xni/parser/XMLInputSource

Classes unloaded (0 events):
No events

Classes redefined (0 events):
No events

Internal exceptions (8 events):
Event: 0.639 Thread 0x0000022b07c38840 Exception <a 'java/lang/NoSuchMethodError'{0x0000000089b7ad78}: 'java.lang.Object java.lang.invoke.DirectMethodHandle$Holder.invokeStaticInit(java.lang.Object)'> (0x0000000089b7ad78) 
thrown [s\src\hotspot\share\interpreter\linkResolver.cpp, line 759]
Event: 0.665 Thread 0x0000022b07c38840 Exception <a 'java/lang/NoSuchMethodError'{0x0000000089b86cd0}: 'void java.lang.invoke.DirectMethodHandle$Holder.invokeStatic(java.lang.Object, java.lang.Object)'> (0x0000000089b86cd0) 
thrown [s\src\hotspot\share\interpreter\linkResolver.cpp, line 759]
Event: 0.665 Thread 0x0000022b691ca3e0 Exception <a 'java/lang/NoSuchMethodError'{0x0000000089b54148}: 'void java.lang.invoke.DirectMethodHandle$Holder.invokeStatic(java.lang.Object, java.lang.Object)'> (0x0000000089b54148) 
thrown [s\src\hotspot\share\interpreter\linkResolver.cpp, line 759]
Event: 1.074 Thread 0x0000022b691ca3e0 Exception <a 'java/lang/NoClassDefFoundError'{0x0000000089483a80}: org/slf4j/impl/StaticLoggerBinder> (0x0000000089483a80) 
thrown [s\src\hotspot\share\classfile\systemDictionary.cpp, line 245]
Event: 1.119 Thread 0x0000022b691ca3e0 Exception <a 'java/lang/NoSuchMethodError'{0x000000008935d3c8}: 'int java.lang.invoke.DirectMethodHandle$Holder.invokeStaticInit(java.lang.Object, java.lang.Object)'> (0x000000008935d3c8) 
thrown [s\src\hotspot\share\interpreter\linkResolver.cpp, line 759]
Event: 1.265 Thread 0x0000022b691ca3e0 Exception <a 'java/lang/NoSuchMethodError'{0x0000000089017f78}: 'void java.lang.invoke.DirectMethodHandle$Holder.invokeVirtual(java.lang.Object, java.lang.Object, int)'> (0x0000000089017f78) 
thrown [s\src\hotspot\share\interpreter\linkResolver.cpp, line 759]
Event: 1.267 Thread 0x0000022b691ca3e0 Exception <a 'java/lang/NoSuchMethodError'{0x0000000089020cd0}: 'void java.lang.invoke.DirectMethodHandle$Holder.invokeSpecial(java.lang.Object, java.lang.Object, java.lang.Object)'> (0x0000000089020cd0) 
thrown [s\src\hotspot\share\interpreter\linkResolver.cpp, line 759]
Event: 1.367 Thread 0x0000022b691ca3e0 Exception <a 'java/lang/ClassNotFoundException'{0x00000000890dc240}: com/sun/org/apache/xerces/internal/impl/msg/spi/SAXMessagesProvider> (0x00000000890dc240) 
thrown [s\src\hotspot\share\classfile\systemDictionary.cpp, line 256]

VM Operations (12 events):
Event: 0.419 Executing VM operation: HandshakeAllThreads
Event: 0.419 Executing VM operation: HandshakeAllThreads done
Event: 1.051 Executing VM operation: HandshakeAllThreads
Event: 1.051 Executing VM operation: HandshakeAllThreads done
Event: 1.173 Executing VM operation: HandshakeAllThreads
Event: 1.173 Executing VM operation: HandshakeAllThreads done
Event: 1.173 Executing VM operation: Cleanup
Event: 1.173 Executing VM operation: Cleanup done
Event: 1.385 Executing VM operation: HandshakeAllThreads
Event: 1.385 Executing VM operation: HandshakeAllThreads done
Event: 1.385 Executing VM operation: HandshakeAllThreads
Event: 1.385 Executing VM operation: HandshakeAllThreads done

Events (14 events):
Event: 0.102 Thread 0x0000022b691ca3e0 Thread added: 0x0000022b691ca3e0
Event: 0.107 Thread 0x0000022b06ffb790 Thread added: 0x0000022b06ffb790
Event: 0.108 Thread 0x0000022b06ffd180 Thread added: 0x0000022b06ffd180
Event: 0.147 Thread 0x0000022b070108c0 Thread added: 0x0000022b070108c0
Event: 0.147 Thread 0x0000022b07011280 Thread added: 0x0000022b07011280
Event: 0.147 Thread 0x0000022b070127b0 Thread added: 0x0000022b070127b0
Event: 0.148 Thread 0x0000022b070171e0 Thread added: 0x0000022b070171e0
Event: 0.148 Thread 0x0000022b07018a40 Thread added: 0x0000022b07018a40
Event: 0.148 Thread 0x0000022b0701cee0 Thread added: 0x0000022b0701cee0
Event: 0.148 Thread 0x0000022b07ad2c20 Thread added: 0x0000022b07ad2c20
Event: 0.408 Thread 0x0000022b07b7c750 Thread added: 0x0000022b07b7c750
Event: 0.632 Thread 0x0000022b07c38840 Thread added: 0x0000022b07c38840
Event: 0.632 Thread 0x0000022b07c38d20 Thread added: 0x0000022b07c38d20
Event: 1.131 Thread 0x0000022b4d2aa730 Thread added: 0x0000022b4d2aa730


Dynamic libraries:
0x00007ff7472f0000 - 0x00007ff7472fe000 	C:\Users\hoda.hamza\.jdks\corretto-17.0.12\bin\java.exe
0x00007ffbcd9a0000 - 0x00007ffbcdba9000 	C:\WINDOWS\SYSTEM32\ntdll.dll
0x00007ffbcc770000 - 0x00007ffbcc82d000 	C:\WINDOWS\System32\KERNEL32.DLL
0x00007ffbcb1e0000 - 0x00007ffbcb564000 	C:\WINDOWS\System32\KERNELBASE.dll
0x00007ffbcb0c0000 - 0x00007ffbcb1d1000 	C:\WINDOWS\System32\ucrtbase.dll
0x00007ffbc78a0000 - 0x00007ffbc78bb000 	C:\Users\hoda.hamza\.jdks\corretto-17.0.12\bin\VCRUNTIME140.dll
0x00007ffbc77c0000 - 0x00007ffbc77d7000 	C:\Users\hoda.hamza\.jdks\corretto-17.0.12\bin\jli.dll
0x00007ffbccb30000 - 0x00007ffbcccdd000 	C:\WINDOWS\System32\USER32.dll
0x00007ffbcb020000 - 0x00007ffbcb046000 	C:\WINDOWS\System32\win32u.dll
0x00007ffbcb920000 - 0x00007ffbcb94a000 	C:\WINDOWS\System32\GDI32.dll
0x00007ffbcb570000 - 0x00007ffbcb68e000 	C:\WINDOWS\System32\gdi32full.dll
0x00007ffbcb750000 - 0x00007ffbcb7ed000 	C:\WINDOWS\System32\msvcp_win.dll
0x00007ffbb4780000 - 0x00007ffbb4a25000 	C:\WINDOWS\WinSxS\amd64_microsoft.windows.common-controls_6595b64144ccf1df_6.0.22000.120_none_9d947278b86cc467\COMCTL32.dll
0x00007ffbcc650000 - 0x00007ffbcc6f3000 	C:\WINDOWS\System32\msvcrt.dll
0x00007ffbccaf0000 - 0x00007ffbccb21000 	C:\WINDOWS\System32\IMM32.DLL
0x00007ffbc30c0000 - 0x00007ffbc32c2000 	C:\WINDOWS\system32\tmumh\20019\AddOn\8.55.0.1288\TmUmEvt64.dll
0x00007ffbcc760000 - 0x00007ffbcc768000 	C:\WINDOWS\System32\PSAPI.DLL
0x00007ffbcd7c0000 - 0x00007ffbcd86e000 	C:\WINDOWS\System32\ADVAPI32.dll
0x00007ffbcc5b0000 - 0x00007ffbcc64e000 	C:\WINDOWS\System32\sechost.dll
0x00007ffbcccf0000 - 0x00007ffbcce11000 	C:\WINDOWS\System32\RPCRT4.dll
0x000000006b160000 - 0x000000006b2f7000 	C:\WINDOWS\system32\tmumh\20019\TmMon\2.9.0.1084\tmmon64.dll
0x00007ffbc7aa0000 - 0x00007ffbc7aac000 	C:\Users\hoda.hamza\.jdks\corretto-17.0.12\bin\vcruntime140_1.dll
0x00007ffba8980000 - 0x00007ffba8a0d000 	C:\Users\hoda.hamza\.jdks\corretto-17.0.12\bin\msvcp140.dll
0x00007ffb4ef60000 - 0x00007ffb4fbca000 	C:\Users\hoda.hamza\.jdks\corretto-17.0.12\bin\server\jvm.dll
0x00007ffbcd580000 - 0x00007ffbcd5ef000 	C:\WINDOWS\System32\WS2_32.dll
0x00007ffbca0c0000 - 0x00007ffbca10d000 	C:\WINDOWS\SYSTEM32\POWRPROF.dll
0x00007ffbc4240000 - 0x00007ffbc4273000 	C:\WINDOWS\SYSTEM32\WINMM.dll
0x00007ffbc3300000 - 0x00007ffbc330a000 	C:\WINDOWS\SYSTEM32\VERSION.dll
0x00007ffbc9f80000 - 0x00007ffbc9f93000 	C:\WINDOWS\SYSTEM32\UMPDC.dll
0x00007ffbc9df0000 - 0x00007ffbc9e08000 	C:\WINDOWS\SYSTEM32\kernel.appcore.dll
0x00007ffbc7940000 - 0x00007ffbc794a000 	C:\Users\hoda.hamza\.jdks\corretto-17.0.12\bin\jimage.dll
0x00007ffbc9140000 - 0x00007ffbc9361000 	C:\WINDOWS\SYSTEM32\DBGHELP.DLL
0x00007ffbbc8a0000 - 0x00007ffbbc8d1000 	C:\WINDOWS\SYSTEM32\dbgcore.DLL
0x00007ffbcafa0000 - 0x00007ffbcb01f000 	C:\WINDOWS\System32\bcryptPrimitives.dll
0x00007ffbc7930000 - 0x00007ffbc793e000 	C:\Users\hoda.hamza\.jdks\corretto-17.0.12\bin\instrument.dll
0x00007ffbb96b0000 - 0x00007ffbb96d5000 	C:\Users\hoda.hamza\.jdks\corretto-17.0.12\bin\java.dll
0x00007ffb9ff80000 - 0x00007ffba0057000 	C:\Users\hoda.hamza\.jdks\corretto-17.0.12\bin\jsvml.dll
0x00007ffbcbdd0000 - 0x00007ffbcc595000 	C:\WINDOWS\System32\SHELL32.dll
0x00007ffbc8820000 - 0x00007ffbc9082000 	C:\WINDOWS\SYSTEM32\windows.storage.dll
0x00007ffbcd190000 - 0x00007ffbcd506000 	C:\WINDOWS\System32\combase.dll
0x00007ffbc86b0000 - 0x00007ffbc8817000 	C:\WINDOWS\SYSTEM32\wintypes.dll
0x00007ffbcc8e0000 - 0x00007ffbcc9ca000 	C:\WINDOWS\System32\SHCORE.dll
0x00007ffbcc700000 - 0x00007ffbcc75d000 	C:\WINDOWS\System32\shlwapi.dll
0x00007ffbcad60000 - 0x00007ffbcad85000 	C:\WINDOWS\SYSTEM32\profapi.dll
0x00007ffbb9830000 - 0x00007ffbb9848000 	C:\Users\hoda.hamza\.jdks\corretto-17.0.12\bin\zip.dll
0x00007ffbc3370000 - 0x00007ffbc3389000 	C:\Users\hoda.hamza\.jdks\corretto-17.0.12\bin\net.dll
0x00007ffbc9e10000 - 0x00007ffbc9f24000 	C:\WINDOWS\SYSTEM32\WINHTTP.dll
0x00007ffbca440000 - 0x00007ffbca4a7000 	C:\WINDOWS\system32\mswsock.dll
0x00007ffbc1480000 - 0x00007ffbc1496000 	C:\Users\hoda.hamza\.jdks\corretto-17.0.12\bin\nio.dll
0x00007ffbb7920000 - 0x00007ffbb793a000 	C:\Program Files\JetBrains\IntelliJ IDEA Community Edition 2022.2\bin\breakgen64.dll
0x00007ffbb8d90000 - 0x00007ffbb8d99000 	C:\Users\hoda.hamza\.jdks\corretto-17.0.12\bin\extnet.dll
0x00007ffbc77b0000 - 0x00007ffbc77c0000 	C:\Users\hoda.hamza\.jdks\corretto-17.0.12\bin\verify.dll
0x00007ffbca680000 - 0x00007ffbca698000 	C:\WINDOWS\SYSTEM32\CRYPTSP.dll
0x00007ffbc9d50000 - 0x00007ffbc9d85000 	C:\WINDOWS\system32\rsaenh.dll
0x00007ffbca530000 - 0x00007ffbca55c000 	C:\WINDOWS\SYSTEM32\USERENV.dll
0x00007ffbca800000 - 0x00007ffbca827000 	C:\WINDOWS\SYSTEM32\bcrypt.dll
0x00007ffbca6a0000 - 0x00007ffbca6ac000 	C:\WINDOWS\SYSTEM32\CRYPTBASE.dll
0x00007ffbc9680000 - 0x00007ffbc96ad000 	C:\WINDOWS\SYSTEM32\IPHLPAPI.DLL
0x00007ffbcc5a0000 - 0x00007ffbcc5a9000 	C:\WINDOWS\System32\NSI.dll
0x00007ffbc6510000 - 0x00007ffbc6529000 	C:\WINDOWS\SYSTEM32\dhcpcsvc6.DLL
0x00007ffbc6760000 - 0x00007ffbc677e000 	C:\WINDOWS\SYSTEM32\dhcpcsvc.DLL
0x00007ffbc96e0000 - 0x00007ffbc97c7000 	C:\WINDOWS\SYSTEM32\DNSAPI.dll

dbghelp: loaded successfully - version: 4.0.5 - missing functions: none
symbol engine: initialized successfully - sym options: 0x614 - pdb path: .;C:\Users\hoda.hamza\.jdks\corretto-17.0.12\bin;C:\WINDOWS\SYSTEM32;C:\WINDOWS\WinSxS\amd64_microsoft.windows.common-controls_6595b64144ccf1df_6.0.22000.120_none_9d947278b86cc467;C:\WINDOWS\system32\tmumh\20019\AddOn\8.55.0.1288;C:\WINDOWS\system32\tmumh\20019\TmMon\2.9.0.1084;C:\Users\hoda.hamza\.jdks\corretto-17.0.12\bin\server;C:\Program Files\JetBrains\IntelliJ IDEA Community Edition 2022.2\bin

VM Arguments:
jvm_args: -ea -Didea.test.cyclic.buffer.size=1048576 -javaagent:C:\Program Files\JetBrains\IntelliJ IDEA Community Edition 2022.2\lib\idea_rt.jar=55917:C:\Program Files\JetBrains\IntelliJ IDEA Community Edition 2022.2\bin -Dfile.encoding=UTF-8 
java_command: com.intellij.rt.testng.RemoteTestNGStarter -usedefaultlisteners false -socket55916 @w@C:\Users\hoda.hamza\AppData\Local\Temp\idea_working_dirs_testng.tmp -temp C:\Users\hoda.hamza\AppData\Local\Temp\idea_testng.tmp
java_class_path (initial): C:\Program Files\JetBrains\IntelliJ IDEA Community Edition 2022.2\lib\idea_rt.jar;C:\Program Files\JetBrains\IntelliJ IDEA Community Edition 2022.2\plugins\testng\lib\testng-rt.jar;C:\Users\hoda.hamza\Downloads\framework 2\framework\target\test-classes;C:\Users\hoda.hamza\Downloads\framework 2\framework\target\classes;C:\Users\hoda.hamza\.m2\repository\org\seleniumhq\selenium\selenium-java\4.18.1\selenium-java-4.18.1.jar;C:\Users\hoda.hamza\.m2\repository\org\seleniumhq\selenium\selenium-chrome-driver\4.18.1\selenium-chrome-driver-4.18.1.jar;C:\Users\hoda.hamza\.m2\repository\com\google\auto\service\auto-service-annotations\1.1.1\auto-service-annotations-1.1.1.jar;C:\Users\hoda.hamza\.m2\repository\org\seleniumhq\selenium\selenium-chromium-driver\4.18.1\selenium-chromium-driver-4.18.1.jar;C:\Users\hoda.hamza\.m2\repository\org\seleniumhq\selenium\selenium-json\4.18.1\selenium-json-4.18.1.jar;C:\Users\hoda.hamza\.m2\repository\org\seleniumhq\selenium\selenium-manager\4.18.1\selenium-manager-4.18.1.jar;C:\Users\hoda.hamza\.m2\repository\org\seleniumhq\selenium\selenium-devtools-v120\4.18.1\selenium-devtools-v120-4.18.1.jar;C:\Users\hoda.hamza\.m2\repository\org\seleniumhq\selenium\selenium-devtools-v121\4.18.1\selenium-devtools-v121-4.18.1.jar;C:\Users\hoda.hamza\.m2\repository\org\seleniumhq\selenium\selenium-devtools-v122\4.18.1\selenium-devtools-v122-4.18.1.jar;C:\Users\hoda.hamza\.m2\repository\org\seleniumhq\selenium\selenium-devtools-v85\4.18.1\selenium-devtools-v85-4.18.1.jar;C:\Users\hoda.hamza\.m2\repository\org\seleniumhq\selenium\selenium-edge-driver\4.18.1\selenium-edge-driver-4.18.1.jar;C:\Users\hoda.hamza\.m2\repository\org\seleniumhq\selenium\selenium-firefox-driver\4.18.1\selenium-firefox-driver-4.18.1.jar;C:\Users\hoda.hamza\.m2\repository\org\seleniumhq\selenium\selenium-http\4.18.1\selenium-http-4.18.1.jar;C:\Users\hoda.hamza\.m2\repository\dev\failsafe\failsafe\3.3.2\failsafe-3.3.2.jar;C:\Users\hoda.hamza\.m2\repository
Launcher Type: SUN_STANDARD

[Global flags]
     intx CICompilerCount                          = 4                                         {product} {ergonomic}
     uint ConcGCThreads                            = 3                                         {product} {ergonomic}
     uint G1ConcRefinementThreads                  = 10                                        {product} {ergonomic}
   size_t G1HeapRegionSize                         = 1048576                                   {product} {ergonomic}
    uintx GCDrainStackTargetSize                   = 64                                        {product} {ergonomic}
   size_t InitialHeapSize                          = 132120576                                 {product} {ergonomic}
   size_t MarkStackSize                            = 4194304                                   {product} {ergonomic}
   size_t MaxHeapSize                              = 2113929216                                {product} {ergonomic}
   size_t MaxNewSize                               = 1267728384                                {product} {ergonomic}
   size_t MinHeapDeltaBytes                        = 1048576                                   {product} {ergonomic}
   size_t MinHeapSize                              = 8388608                                   {product} {ergonomic}
    uintx NonNMethodCodeHeapSize                   = 5839372                                {pd product} {ergonomic}
    uintx NonProfiledCodeHeapSize                  = 122909434                              {pd product} {ergonomic}
    uintx ProfiledCodeHeapSize                     = 122909434                              {pd product} {ergonomic}
    uintx ReservedCodeCacheSize                    = 251658240                              {pd product} {ergonomic}
     bool SegmentedCodeCache                       = true                                      {product} {ergonomic}
   size_t SoftMaxHeapSize                          = 2113929216                             {manageable} {ergonomic}
     bool UseCompressedClassPointers               = true                           {product lp64_product} {ergonomic}
     bool UseCompressedOops                        = true                           {product lp64_product} {ergonomic}
     bool UseG1GC                                  = true                                      {product} {ergonomic}
     bool UseLargePagesIndividualAllocation        = false                                  {pd product} {ergonomic}

Logging:
Log output configuration:
 #0: stdout all=warning uptime,level,tags
 #1: stderr all=off uptime,level,tags

Environment Variables:
PATH=C:\Program Files (x86)\Common Files\Oracle\Java\javapath;C:\WINDOWS\system32;C:\WINDOWS;C:\WINDOWS\System32\Wbem;C:\WINDOWS\System32\WindowsPowerShell\v1.0\;C:\WINDOWS\System32\OpenSSH\;C:\Program Files\NVIDIA Corporation\NVIDIA NvDLISR;C:\Users\hoda.hamza\Desktop\Selenium\apache-maven-3.8.5-bin\apache-maven-3.8.5\bin;C:\Program Files\Git\cmd;C:\Program Files\nodejs\;C:\Program Files\PuTTY\;C:\Users\hoda.hamza\AppData\Local\Microsoft\WindowsApps;C:\Users\hoda.hamza\AppData\Local\Programs\Git\cmd;C:\Users\hoda.hamza\AppData\Roaming\npm
USERNAME=Hoda.Hamza
OS=Windows_NT
PROCESSOR_IDENTIFIER=Intel64 Family 6 Model 165 Stepping 2, GenuineIntel
TMP=C:\Users\HODA~1.HAM\AppData\Local\Temp
TEMP=C:\Users\HODA~1.HAM\AppData\Local\Temp



Periodic native trim disabled


---------------  S Y S T E M  ---------------

OS:
 Windows 11 , 64 bit Build 22000 (10.0.22000.2360)
OS uptime: 36 days 2:23 hours

CPU: total 12 (initial active 12) (6 cores per cpu, 2 threads per core) family 6 model 165 stepping 2 microcode 0xec, cx8, cmov, fxsr, ht, mmx, 3dnowpref, sse, sse2, sse3, ssse3, sse4.1, sse4.2, popcnt, lzcnt, tsc, tscinvbit, avx, avx2, aes, erms, clmul, bmi1, bmi2, adx, fma, vzeroupper, clflush, clflushopt
Processor Information for all 12 processors :
  Max Mhz: 2592, Current Mhz: 2592, Mhz Limit: 2592

Memory: 4k page, system-wide physical 8059M (346M free)
TotalPageFile size 32635M (AvailPageFile size 0M)
current process WorkingSet (physical memory assigned to process): 77M, peak: 77M
current process commit charge ("private bytes"): 232M, peak: 232M

vm_info: OpenJDK 64-Bit Server VM (17.0.12+7-LTS) for windows-amd64 JRE (17.0.12+7-LTS), built on Jul 10 2024 20:46:33 by "Administrator" with MS VC++ 16.10 / 16.11 (VS2019)

END.
